# JRE version: Java(TM) SE Runtime Environment (8.0_201-b09) (build 1.8.0_201-b09)
# Java VM: Java HotSpot(TM) 64-Bit Server VM (25.201-b09 mixed mode windows-amd64 compressed oops)
Heap:
 PSYoungGen      total 409088K, used 82479K [0x00000006ea800000, 0x0000000709d00000, 0x00000007c0000000)
  eden space 340992K, 19% used [0x00000006ea800000,0x00000006ee986f30,0x00000006ff500000)
  from space 68096K, 22% used [0x00000006ff500000,0x0000000700404dd8,0x0000000703780000)
  to   space 66560K, 0% used [0x0000000705c00000,0x0000000705c00000,0x0000000709d00000)
 ParOldGen       total 200704K, used 133775K [0x000000053f800000, 0x000000054bc00000, 0x00000006ea800000)
  object space 200704K, 66% used [0x000000053f800000,0x0000000547aa3ef0,0x000000054bc00000)
 Metaspace       used 92889K, capacity 101348K, committed 101632K, reserved 1136640K
  class space    used 12502K, capacity 14455K, committed 14592K, reserved 1048576K
GC Heap History (10 events):
Event: 98.569 GC heap before
{Heap before GC invocations=17 (full 3):
 PSYoungGen      total 299520K, used 299498K [0x00000006ea800000, 0x0000000703880000, 0x00000007c0000000)
  eden space 260608K, 100% used [0x00000006ea800000,0x00000006fa680000,0x00000006fa680000)
  from space 38912K, 99% used [0x00000006fa680000,0x00000006fcc7aac0,0x00000006fcc80000)
  to   space 55296K, 0% used [0x0000000700280000,0x0000000700280000,0x0000000703880000)
 ParOldGen       total 200704K, used 98117K [0x000000053f800000, 0x000000054bc00000, 0x00000006ea800000)
  object space 200704K, 48% used [0x000000053f800000,0x00000005457d1668,0x000000054bc00000)
 Metaspace       used 84448K, capacity 92552K, committed 92672K, reserved 1128448K
  class space    used 11620K, capacity 13519K, committed 13568K, reserved 1048576K
Event: 98.650 GC heap after
Heap after GC invocations=17 (full 3):
 PSYoungGen      total 353280K, used 34366K [0x00000006ea800000, 0x0000000704100000, 0x00000007c0000000)
  eden space 297984K, 0% used [0x00000006ea800000,0x00000006ea800000,0x00000006fcb00000)
  from space 55296K, 62% used [0x0000000700280000,0x000000070240fab8,0x0000000703880000)
  to   space 56832K, 0% used [0x00000006fcb00000,0x00000006fcb00000,0x0000000700280000)
 ParOldGen       total 200704K, used 135441K [0x000000053f800000, 0x000000054bc00000, 0x00000006ea800000)
  object space 200704K, 67% used [0x000000053f800000,0x0000000547c44620,0x000000054bc00000)
 Metaspace       used 84448K, capacity 92552K, committed 92672K, reserved 1128448K
  class space    used 11620K, capacity 13519K, committed 13568K, reserved 1048576K
}
Event: 105.965 GC heap before
{Heap before GC invocations=18 (full 3):
 PSYoungGen      total 353280K, used 332336K [0x00000006ea800000, 0x0000000704100000, 0x00000007c0000000)
  eden space 297984K, 99% used [0x00000006ea800000,0x00000006fcafc820,0x00000006fcb00000)
  from space 55296K, 62% used [0x0000000700280000,0x000000070240fab8,0x0000000703880000)
  to   space 56832K, 0% used [0x00000006fcb00000,0x00000006fcb00000,0x0000000700280000)
 ParOldGen       total 200704K, used 135441K [0x000000053f800000, 0x000000054bc00000, 0x00000006ea800000)
  object space 200704K, 67% used [0x000000053f800000,0x0000000547c44620,0x000000054bc00000)
 Metaspace       used 86884K, capacity 95206K, committed 95488K, reserved 1130496K
  class space    used 11835K, capacity 13756K, committed 13824K, reserved 1048576K
Event: 106.004 GC heap after
Heap after GC invocations=18 (full 3):
 PSYoungGen      total 354816K, used 54529K [0x00000006ea800000, 0x0000000707700000, 0x00000007c0000000)
  eden space 297984K, 0% used [0x00000006ea800000,0x00000006ea800000,0x00000006fcb00000)
  from space 56832K, 95% used [0x00000006fcb00000,0x00000007000404d0,0x0000000700280000)
  to   space 65024K, 0% used [0x0000000703780000,0x0000000703780000,0x0000000707700000)
 ParOldGen       total 200704K, used 135449K [0x000000053f800000, 0x000000054bc00000, 0x00000006ea800000)
  object space 200704K, 67% used [0x000000053f800000,0x0000000547c46620,0x000000054bc00000)
 Metaspace       used 86884K, capacity 95206K, committed 95488K, reserved 1130496K
  class space    used 11835K, capacity 13756K, committed 13824K, reserved 1048576K
}
Event: 111.031 GC heap before
{Heap before GC invocations=19 (full 3):
 PSYoungGen      total 354816K, used 262219K [0x00000006ea800000, 0x0000000707700000, 0x00000007c0000000)
  eden space 297984K, 69% used [0x00000006ea800000,0x00000006f72d2a88,0x00000006fcb00000)
  from space 56832K, 95% used [0x00000006fcb00000,0x00000007000404d0,0x0000000700280000)
  to   space 65024K, 0% used [0x0000000703780000,0x0000000703780000,0x0000000707700000)
 ParOldGen       total 200704K, used 135449K [0x000000053f800000, 0x000000054bc00000, 0x00000006ea800000)
  object space 200704K, 67% used [0x000000053f800000,0x0000000547c46620,0x000000054bc00000)
 Metaspace       used 89999K, capacity 98502K, committed 98560K, reserved 1134592K
  class space    used 12214K, capacity 14164K, committed 14208K, reserved 1048576K
Event: 111.088 GC heap after
Heap after GC invocations=19 (full 3):
 PSYoungGen      total 406016K, used 45119K [0x00000006ea800000, 0x0000000707f00000, 0x00000007c0000000)
  eden space 340992K, 0% used [0x00000006ea800000,0x00000006ea800000,0x00000006ff500000)
  from space 65024K, 69% used [0x0000000703780000,0x000000070638fce8,0x0000000707700000)
  to   space 68096K, 0% used [0x00000006ff500000,0x00000006ff500000,0x0000000703780000)
 ParOldGen       total 200704K, used 135457K [0x000000053f800000, 0x000000054bc00000, 0x00000006ea800000)
  object space 200704K, 67% used [0x000000053f800000,0x0000000547c48620,0x000000054bc00000)
 Metaspace       used 89999K, capacity 98502K, committed 98560K, reserved 1134592K
  class space    used 12214K, capacity 14164K, committed 14208K, reserved 1048576K
}
Event: 111.088 GC heap before
{Heap before GC invocations=20 (full 4):
 PSYoungGen      total 406016K, used 45119K [0x00000006ea800000, 0x0000000707f00000, 0x00000007c0000000)
  eden space 340992K, 0% used [0x00000006ea800000,0x00000006ea800000,0x00000006ff500000)
  from space 65024K, 69% used [0x0000000703780000,0x000000070638fce8,0x0000000707700000)
  to   space 68096K, 0% used [0x00000006ff500000,0x00000006ff500000,0x0000000703780000)
 ParOldGen       total 200704K, used 135457K [0x000000053f800000, 0x000000054bc00000, 0x00000006ea800000)
  object space 200704K, 67% used [0x000000053f800000,0x0000000547c48620,0x000000054bc00000)
 Metaspace       used 89999K, capacity 98502K, committed 98560K, reserved 1134592K
  class space    used 12214K, capacity 14164K, committed 14208K, reserved 1048576K
Event: 111.525 GC heap after
Heap after GC invocations=20 (full 4):
 PSYoungGen      total 406016K, used 0K [0x00000006ea800000, 0x0000000707f00000, 0x00000007c0000000)
  eden space 340992K, 0% used [0x00000006ea800000,0x00000006ea800000,0x00000006ff500000)
  from space 65024K, 0% used [0x0000000703780000,0x0000000703780000,0x0000000707700000)
  to   space 68096K, 0% used [0x00000006ff500000,0x00000006ff500000,0x0000000703780000)
 ParOldGen       total 200704K, used 133767K [0x000000053f800000, 0x000000054bc00000, 0x00000006ea800000)
  object space 200704K, 66% used [0x000000053f800000,0x0000000547aa1ef0,0x000000054bc00000)
 Metaspace       used 89847K, capacity 98176K, committed 98560K, reserved 1134592K
  class space    used 12173K, capacity 14085K, committed 14208K, reserved 1048576K
}
Event: 115.155 GC heap before
{Heap before GC invocations=21 (full 4):
 PSYoungGen      total 406016K, used 340992K [0x00000006ea800000, 0x0000000707f00000, 0x00000007c0000000)
  eden space 340992K, 100% used [0x00000006ea800000,0x00000006ff500000,0x00000006ff500000)
  from space 65024K, 0% used [0x0000000703780000,0x0000000703780000,0x0000000707700000)
  to   space 68096K, 0% used [0x00000006ff500000,0x00000006ff500000,0x0000000703780000)
 ParOldGen       total 200704K, used 133767K [0x000000053f800000, 0x000000054bc00000, 0x00000006ea800000)
  object space 200704K, 66% used [0x000000053f800000,0x0000000547aa1ef0,0x000000054bc00000)
 Metaspace       used 92812K, capacity 101292K, committed 101632K, reserved 1136640K
  class space    used 12498K, capacity 14447K, committed 14592K, reserved 1048576K
Event: 115.175 GC heap after
Heap after GC invocations=21 (full 4):
 PSYoungGen      total 409088K, used 15379K [0x00000006ea800000, 0x0000000709d00000, 0x00000007c0000000)
  eden space 340992K, 0% used [0x00000006ea800000,0x00000006ea800000,0x00000006ff500000)
  from space 68096K, 22% used [0x00000006ff500000,0x0000000700404dd8,0x0000000703780000)
  to   space 66560K, 0% used [0x0000000705c00000,0x0000000705c00000,0x0000000709d00000)
 ParOldGen       total 200704K, used 133775K [0x000000053f800000, 0x000000054bc00000, 0x00000006ea800000)
  object space 200704K, 66% used [0x000000053f800000,0x0000000547aa3ef0,0x000000054bc00000)
 Metaspace       used 92812K, capacity 101292K, committed 101632K, reserved 1136640K
  class space    used 12498K, capacity 14447K, committed 14592K, reserved 1048576K
}

