# JRE version: OpenJDK Runtime Environment (11.0.10) (build 11.0.10+0-b96-7249189)
# Java VM: OpenJDK 64-Bit Server VM (11.0.10+0-b96-7249189, mixed mode, tiered, compressed oops, g1 gc, windows-amd64)
Heap:
 garbage-first heap   total 378880K, used 238430K [0x0000000700000000, 0x0000000800000000)
  region size 1024K, 13 young (13312K), 12 survivors (12288K)
 Metaspace       used 93593K, capacity 99119K, committed 99276K, reserved 1134592K
  class space    used 11995K, capacity 13976K, committed 14080K, reserved 1048576K
GC Heap History (20 events):
Event: 146.582 GC heap before
{Heap before GC invocations=41 (full 0):
 garbage-first heap   total 315392K, used 258867K [0x0000000700000000, 0x0000000800000000)
  region size 1024K, 59 young (60416K), 5 survivors (5120K)
 Metaspace       used 93413K, capacity 98925K, committed 99276K, reserved 1134592K
  class space    used 11977K, capacity 13976K, committed 14080K, reserved 1048576K
}
Event: 146.588 GC heap after
{Heap after GC invocations=42 (full 0):
 garbage-first heap   total 315392K, used 206131K [0x0000000700000000, 0x0000000800000000)
  region size 1024K, 5 young (5120K), 5 survivors (5120K)
 Metaspace       used 93413K, capacity 98925K, committed 99276K, reserved 1134592K
  class space    used 11977K, capacity 13976K, committed 14080K, reserved 1048576K
}
Event: 146.900 GC heap before
{Heap before GC invocations=42 (full 0):
 garbage-first heap   total 315392K, used 261427K [0x0000000700000000, 0x0000000800000000)
  region size 1024K, 59 young (60416K), 5 survivors (5120K)
 Metaspace       used 93413K, capacity 98925K, committed 99276K, reserved 1134592K
  class space    used 11977K, capacity 13976K, committed 14080K, reserved 1048576K
}
Event: 146.906 GC heap after
{Heap after GC invocations=43 (full 0):
 garbage-first heap   total 315392K, used 208846K [0x0000000700000000, 0x0000000800000000)
  region size 1024K, 5 young (5120K), 5 survivors (5120K)
 Metaspace       used 93413K, capacity 98925K, committed 99276K, reserved 1134592K
  class space    used 11977K, capacity 13976K, committed 14080K, reserved 1048576K
}
Event: 147.248 GC heap before
{Heap before GC invocations=43 (full 0):
 garbage-first heap   total 315392K, used 263118K [0x0000000700000000, 0x0000000800000000)
  region size 1024K, 58 young (59392K), 5 survivors (5120K)
 Metaspace       used 93413K, capacity 98925K, committed 99276K, reserved 1134592K
  class space    used 11977K, capacity 13976K, committed 14080K, reserved 1048576K
}
Event: 147.255 GC heap after
{Heap after GC invocations=44 (full 0):
 garbage-first heap   total 315392K, used 211275K [0x0000000700000000, 0x0000000800000000)
  region size 1024K, 5 young (5120K), 5 survivors (5120K)
 Metaspace       used 93413K, capacity 98925K, committed 99276K, reserved 1134592K
  class space    used 11977K, capacity 13976K, committed 14080K, reserved 1048576K
}
Event: 147.652 GC heap before
{Heap before GC invocations=44 (full 0):
 garbage-first heap   total 315392K, used 265547K [0x0000000700000000, 0x0000000800000000)
  region size 1024K, 58 young (59392K), 5 survivors (5120K)
 Metaspace       used 93413K, capacity 98925K, committed 99276K, reserved 1134592K
  class space    used 11977K, capacity 13976K, committed 14080K, reserved 1048576K
}
Event: 147.657 GC heap after
{Heap after GC invocations=45 (full 0):
 garbage-first heap   total 315392K, used 213702K [0x0000000700000000, 0x0000000800000000)
  region size 1024K, 5 young (5120K), 5 survivors (5120K)
 Metaspace       used 93413K, capacity 98925K, committed 99276K, reserved 1134592K
  class space    used 11977K, capacity 13976K, committed 14080K, reserved 1048576K
}
Event: 148.295 GC heap before
{Heap before GC invocations=45 (full 0):
 garbage-first heap   total 315392K, used 266950K [0x0000000700000000, 0x0000000800000000)
  region size 1024K, 58 young (59392K), 5 survivors (5120K)
 Metaspace       used 93413K, capacity 98925K, committed 99276K, reserved 1134592K
  class space    used 11977K, capacity 13976K, committed 14080K, reserved 1048576K
}
Event: 148.302 GC heap after
{Heap after GC invocations=46 (full 0):
 garbage-first heap   total 315392K, used 217159K [0x0000000700000000, 0x0000000800000000)
  region size 1024K, 6 young (6144K), 6 survivors (6144K)
 Metaspace       used 93413K, capacity 98925K, committed 99276K, reserved 1134592K
  class space    used 11977K, capacity 13976K, committed 14080K, reserved 1048576K
}
Event: 148.619 GC heap before
{Heap before GC invocations=46 (full 0):
 garbage-first heap   total 315392K, used 268359K [0x0000000700000000, 0x0000000800000000)
  region size 1024K, 56 young (57344K), 6 survivors (6144K)
 Metaspace       used 93413K, capacity 98925K, committed 99276K, reserved 1134592K
  class space    used 11977K, capacity 13976K, committed 14080K, reserved 1048576K
}
Event: 148.627 GC heap after
{Heap after GC invocations=47 (full 0):
 garbage-first heap   total 315392K, used 219562K [0x0000000700000000, 0x0000000800000000)
  region size 1024K, 5 young (5120K), 5 survivors (5120K)
 Metaspace       used 93413K, capacity 98925K, committed 99276K, reserved 1134592K
  class space    used 11977K, capacity 13976K, committed 14080K, reserved 1048576K
}
Event: 148.953 GC heap before
{Heap before GC invocations=47 (full 0):
 garbage-first heap   total 315392K, used 269738K [0x0000000700000000, 0x0000000800000000)
  region size 1024K, 54 young (55296K), 5 survivors (5120K)
 Metaspace       used 93413K, capacity 98925K, committed 99276K, reserved 1134592K
  class space    used 11977K, capacity 13976K, committed 14080K, reserved 1048576K
}
Event: 148.961 GC heap after
{Heap after GC invocations=48 (full 0):
 garbage-first heap   total 378880K, used 221878K [0x0000000700000000, 0x0000000800000000)
  region size 1024K, 5 young (5120K), 5 survivors (5120K)
 Metaspace       used 93413K, capacity 98925K, committed 99276K, reserved 1134592K
  class space    used 11977K, capacity 13976K, committed 14080K, reserved 1048576K
}
Event: 149.573 GC heap before
{Heap before GC invocations=48 (full 0):
 garbage-first heap   total 378880K, used 302774K [0x0000000700000000, 0x0000000800000000)
  region size 1024K, 84 young (86016K), 5 survivors (5120K)
 Metaspace       used 93413K, capacity 98925K, committed 99276K, reserved 1134592K
  class space    used 11977K, capacity 13976K, committed 14080K, reserved 1048576K
}
Event: 149.579 GC heap after
{Heap after GC invocations=49 (full 0):
 garbage-first heap   total 378880K, used 225247K [0x0000000700000000, 0x0000000800000000)
  region size 1024K, 8 young (8192K), 8 survivors (8192K)
 Metaspace       used 93413K, capacity 98925K, committed 99276K, reserved 1134592K
  class space    used 11977K, capacity 13976K, committed 14080K, reserved 1048576K
}
Event: 150.374 GC heap before
{Heap before GC invocations=49 (full 0):
 garbage-first heap   total 378880K, used 307167K [0x0000000700000000, 0x0000000800000000)
  region size 1024K, 88 young (90112K), 8 survivors (8192K)
 Metaspace       used 93413K, capacity 98925K, committed 99276K, reserved 1134592K
  class space    used 11977K, capacity 13976K, committed 14080K, reserved 1048576K
}
Event: 150.383 GC heap after
{Heap after GC invocations=50 (full 0):
 garbage-first heap   total 378880K, used 229254K [0x0000000700000000, 0x0000000800000000)
  region size 1024K, 10 young (10240K), 10 survivors (10240K)
 Metaspace       used 93413K, capacity 98925K, committed 99276K, reserved 1134592K
  class space    used 11977K, capacity 13976K, committed 14080K, reserved 1048576K
}
Event: 364.553 GC heap before
{Heap before GC invocations=50 (full 0):
 garbage-first heap   total 378880K, used 312198K [0x0000000700000000, 0x0000000800000000)
  region size 1024K, 90 young (92160K), 10 survivors (10240K)
 Metaspace       used 93587K, capacity 99119K, committed 99276K, reserved 1134592K
  class space    used 11995K, capacity 13976K, committed 14080K, reserved 1048576K
}
Event: 364.572 GC heap after
{Heap after GC invocations=51 (full 0):
 garbage-first heap   total 378880K, used 238430K [0x0000000700000000, 0x0000000800000000)
  region size 1024K, 12 young (12288K), 12 survivors (12288K)
 Metaspace       used 93587K, capacity 99119K, committed 99276K, reserved 1134592K
  class space    used 11995K, capacity 13976K, committed 14080K, reserved 1048576K
}

